<?xml version="1.0" encoding="UTF-8"?>
<!-- Generated by org.testng.reporters.JUnitXMLReporter -->
<testsuite ignored="1" hostname="DESKTOP-HP56QPD" failures="0" tests="2" name="Test" time="77.72" errors="0" timestamp="2021-06-02T12:57:08 IST">
  <testcase classname="com.wiziq.testcases.Login" name="LoginToApplication" time="18.675"/>
  <testcase classname="com.wiziq.testcases.Free_class" name="class1" time="58.939"/>
  <testcase classname="com.wiziq.base.Testbase" name="@BeforeSuite setup" time="0.0">
    <ignored/>
  </testcase> <!-- @BeforeSuite setup -->
</testsuite> <!-- Test -->
